<?xml version="1.0" encoding="UTF-8"?>
<!-- Generated by org.testng.reporters.JUnitReportReporter -->
<testsuite hostname="LAPTOP-BTVTG99A" failures="0" tests="1" name="com.Testcase.LoginTestcase" time="19.215" errors="0" timestamp="2022-01-09T15:08:33 IST" skipped="0">
  <testcase classname="com.Testcase.LoginTestcase" name="loginfacebook1" time="19.215"/>
  <system-out/>
</testsuite> <!-- com.Testcase.LoginTestcase -->
